[13:37:01.701] [INFO] storybook v10.3.3
[13:37:01.937] [DEBUG] Getting package.json info for /Users/suryanshsrivastava/.cursor/worktrees/Testing_Files/lfh/apps/raven/design-system/raven-ui/package.json...
[13:37:01.947] [WARN] Could not resolve addon "@storybook/addon-essentials", skipping. Is it installed?
[13:37:01.949] [WARN] Could not resolve addon "@storybook/addon-a11y", skipping. Is it installed?
[13:37:01.950] [ERROR] [38;2;241;97;97mSB_CORE-SERVER_0002 (CriticalPresetLoadError): Storybook failed to load the following preset: @storybook/react-vite/preset.

Please check whether your setup is correct, the Storybook dependencies (and their peer dependencies) are installed correctly and there are no package version clashes.

If you believe this is a bug, please open an issue on Github.

Error [ERR_MODULE_NOT_FOUND]: Cannot find package '@storybook/react-vite' imported from /Users/suryanshsrivastava/.npm/_npx/6fe9a9991b157df1/node_modules/storybook/dist/_node-chunks/chunk-GMFDJH6Z.js
    at Object.getPackageJSONURL (node:internal/modules/package_json_reader:301:9)
    at packageResolve (node:internal/modules/esm/resolve:768:81)
    at moduleResolve (node:internal/modules/esm/resolve:859:18)
    at defaultResolve (node:internal/modules/esm/resolve:991:11)
    at nextResolve (node:internal/modules/esm/hooks:785:28)
    at AsyncLoaderHooksOnLoaderHookWorker.resolve (node:internal/modules/esm/hooks:269:30)
    at MessagePort.handleMessage (node:internal/modules/esm/worker:251:24)
    at [nodejs.internal.kHybridDispatch] (node:internal/event_target:843:20)
    at MessagePort.<anonymous> (node:internal/per_context/messageport:23:28)

More info: 
[39m
    at loadPreset (file:///Users/suryanshsrivastava/.npm/_npx/6fe9a9991b157df1/node_modules/storybook/dist/_node-chunks/chunk-NQBOIYE4.js:10081:13)
    at async Promise.all (index 0)
    at async loadPresets (file:///Users/suryanshsrivastava/.npm/_npx/6fe9a9991b157df1/node_modules/storybook/dist/_node-chunks/chunk-NQBOIYE4.js:10090:73)
    at async getPresets (file:///Users/suryanshsrivastava/.npm/_npx/6fe9a9991b157df1/node_modules/storybook/dist/_node-chunks/chunk-NQBOIYE4.js:10121:23)
    at async buildDevStandalone (file:///Users/suryanshsrivastava/.npm/_npx/6fe9a9991b157df1/node_modules/storybook/dist/core-server/index.js:7964:52)
    at async withTelemetry (file:///Users/suryanshsrivastava/.npm/_npx/6fe9a9991b157df1/node_modules/storybook/dist/_node-chunks/chunk-6PADJQ3N.js:218:12)
    at async dev (file:///Users/suryanshsrivastava/.npm/_npx/6fe9a9991b157df1/node_modules/storybook/dist/bin/core.js:2736:3)
    at async _Command.<anonymous> (file:///Users/suryanshsrivastava/.npm/_npx/6fe9a9991b157df1/node_modules/storybook/dist/bin/core.js:2806:92)
[13:37:01.952] [WARN] Broken build, fix the error above.
You may need to refresh the browser.
[13:37:01.955] [WARN] Could not resolve addon "@storybook/addon-essentials", skipping. Is it installed?
[13:37:01.955] [WARN] Could not resolve addon "@storybook/addon-a11y", skipping. Is it installed?
[13:37:01.957] [INFO] Storybook collects completely anonymous usage telemetry. We use it to shape Storybook's roadmap and prioritize features. You can learn more, including how to opt out, at https://storybook.js.org/telemetry